D:\College Work\IT266\quake4\Release\cl.command.1.tlog
D:\College Work\IT266\quake4\Release\CL.read.1.tlog
D:\College Work\IT266\quake4\Release\CL.write.1.tlog
D:\College Work\IT266\quake4\Release\game.write.1.tlog
D:\COLLEGE WORK\IT266\QUAKE4\RELEASE\GAME\AF.OBJ
D:\COLLEGE WORK\IT266\QUAKE4\RELEASE\GAME\GAME.PCH
D:\COLLEGE WORK\IT266\QUAKE4\RELEASE\GAMEX86.PDB
D:\COLLEGE WORK\IT266\QUAKE4\RELEASE\IDLIB.LIB
D:\COLLEGE WORK\IT266\QUAKE4\RELEASE\IDLIB.PDB
D:\COLLEGE WORK\IT266\QUAKE4\RELEASE\IDLIB\ANGLES.OBJ
D:\COLLEGE WORK\IT266\QUAKE4\RELEASE\IDLIB\BASE64.OBJ
D:\COLLEGE WORK\IT266\QUAKE4\RELEASE\IDLIB\BITMSG.OBJ
D:\COLLEGE WORK\IT266\QUAKE4\RELEASE\IDLIB\BOUNDS.OBJ
D:\COLLEGE WORK\IT266\QUAKE4\RELEASE\IDLIB\BOX.OBJ
D:\COLLEGE WORK\IT266\QUAKE4\RELEASE\IDLIB\CMDARGS.OBJ
D:\COLLEGE WORK\IT266\QUAKE4\RELEASE\IDLIB\COMPLEX.OBJ
D:\COLLEGE WORK\IT266\QUAKE4\RELEASE\IDLIB\CRC16.OBJ
D:\COLLEGE WORK\IT266\QUAKE4\RELEASE\IDLIB\CRC32.OBJ
D:\COLLEGE WORK\IT266\QUAKE4\RELEASE\IDLIB\CRC8.OBJ
D:\COLLEGE WORK\IT266\QUAKE4\RELEASE\IDLIB\DICT.OBJ
D:\COLLEGE WORK\IT266\QUAKE4\RELEASE\IDLIB\FFT.OBJ
D:\COLLEGE WORK\IT266\QUAKE4\RELEASE\IDLIB\FRUSTUM.OBJ
D:\COLLEGE WORK\IT266\QUAKE4\RELEASE\IDLIB\HASHINDEX.OBJ
D:\COLLEGE WORK\IT266\QUAKE4\RELEASE\IDLIB\HEAP.OBJ
D:\COLLEGE WORK\IT266\QUAKE4\RELEASE\IDLIB\HONEYMAN.OBJ
D:\COLLEGE WORK\IT266\QUAKE4\RELEASE\IDLIB\IDLIB.PCH
D:\COLLEGE WORK\IT266\QUAKE4\RELEASE\IDLIB\JOINTTRANSFORM.OBJ
D:\COLLEGE WORK\IT266\QUAKE4\RELEASE\IDLIB\LANGDICT.OBJ
D:\COLLEGE WORK\IT266\QUAKE4\RELEASE\IDLIB\LCP.OBJ
D:\COLLEGE WORK\IT266\QUAKE4\RELEASE\IDLIB\LEXER.OBJ
D:\COLLEGE WORK\IT266\QUAKE4\RELEASE\IDLIB\LEXERFACTORY.OBJ
D:\COLLEGE WORK\IT266\QUAKE4\RELEASE\IDLIB\LIB.OBJ
D:\COLLEGE WORK\IT266\QUAKE4\RELEASE\IDLIB\MAPFILE.OBJ
D:\COLLEGE WORK\IT266\QUAKE4\RELEASE\IDLIB\MATH.OBJ
D:\COLLEGE WORK\IT266\QUAKE4\RELEASE\IDLIB\MATRIX.OBJ
D:\COLLEGE WORK\IT266\QUAKE4\RELEASE\IDLIB\MD4.OBJ
D:\COLLEGE WORK\IT266\QUAKE4\RELEASE\IDLIB\MD5.OBJ
D:\COLLEGE WORK\IT266\QUAKE4\RELEASE\IDLIB\ODE.OBJ
D:\COLLEGE WORK\IT266\QUAKE4\RELEASE\IDLIB\PARSER.OBJ
D:\COLLEGE WORK\IT266\QUAKE4\RELEASE\IDLIB\PLANE.OBJ
D:\COLLEGE WORK\IT266\QUAKE4\RELEASE\IDLIB\PLUECKER.OBJ
D:\COLLEGE WORK\IT266\QUAKE4\RELEASE\IDLIB\POLYNOMIAL.OBJ
D:\COLLEGE WORK\IT266\QUAKE4\RELEASE\IDLIB\QUAT.OBJ
D:\COLLEGE WORK\IT266\QUAKE4\RELEASE\IDLIB\RADIANS.OBJ
D:\COLLEGE WORK\IT266\QUAKE4\RELEASE\IDLIB\ROTATION.OBJ
D:\COLLEGE WORK\IT266\QUAKE4\RELEASE\IDLIB\RVHEAP.OBJ
D:\COLLEGE WORK\IT266\QUAKE4\RELEASE\IDLIB\RVHEAPARENA.OBJ
D:\COLLEGE WORK\IT266\QUAKE4\RELEASE\IDLIB\RVMEMSYS.OBJ
D:\COLLEGE WORK\IT266\QUAKE4\RELEASE\IDLIB\SIMD.OBJ
D:\COLLEGE WORK\IT266\QUAKE4\RELEASE\IDLIB\SIMD_3DNOW.OBJ
D:\COLLEGE WORK\IT266\QUAKE4\RELEASE\IDLIB\SIMD_GENERIC.OBJ
D:\COLLEGE WORK\IT266\QUAKE4\RELEASE\IDLIB\SIMD_MMX.OBJ
D:\COLLEGE WORK\IT266\QUAKE4\RELEASE\IDLIB\SIMD_SSE.OBJ
D:\COLLEGE WORK\IT266\QUAKE4\RELEASE\IDLIB\SIMD_SSE2.OBJ
D:\COLLEGE WORK\IT266\QUAKE4\RELEASE\IDLIB\SIMD_SSE3.OBJ
D:\COLLEGE WORK\IT266\QUAKE4\RELEASE\IDLIB\SPHERE.OBJ
D:\COLLEGE WORK\IT266\QUAKE4\RELEASE\IDLIB\STR.OBJ
D:\COLLEGE WORK\IT266\QUAKE4\RELEASE\IDLIB\SURFACE.OBJ
D:\COLLEGE WORK\IT266\QUAKE4\RELEASE\IDLIB\SURFACE_PATCH.OBJ
D:\COLLEGE WORK\IT266\QUAKE4\RELEASE\IDLIB\SURFACE_POLYTOPE.OBJ
D:\COLLEGE WORK\IT266\QUAKE4\RELEASE\IDLIB\SURFACE_SWEPTSPLINE.OBJ
D:\COLLEGE WORK\IT266\QUAKE4\RELEASE\IDLIB\TEXTCOMPILER.OBJ
D:\COLLEGE WORK\IT266\QUAKE4\RELEASE\IDLIB\TIMER.OBJ
D:\COLLEGE WORK\IT266\QUAKE4\RELEASE\IDLIB\TIMINGCOLLECTION.OBJ
D:\COLLEGE WORK\IT266\QUAKE4\RELEASE\IDLIB\TOKEN.OBJ
D:\COLLEGE WORK\IT266\QUAKE4\RELEASE\IDLIB\TRACEMODEL.OBJ
D:\COLLEGE WORK\IT266\QUAKE4\RELEASE\IDLIB\VECTOR.OBJ
D:\COLLEGE WORK\IT266\QUAKE4\RELEASE\IDLIB\WINDING.OBJ
D:\COLLEGE WORK\IT266\QUAKE4\RELEASE\IDLIB\WINDING2D.OBJ
D:\College Work\IT266\quake4\Release\lib.command.1.tlog
D:\College Work\IT266\quake4\Release\Lib-link.read.1.tlog
D:\College Work\IT266\quake4\Release\Lib-link.write.1.tlog
D:\College Work\IT266\quake4\Release\link.command.1.tlog
D:\College Work\IT266\quake4\Release\link.read.1.tlog
D:\College Work\IT266\quake4\Release\link.write.1.tlog
D:\COLLEGE WORK\IT266\QUAKE4\RELEASE\MPGAME.DLL
D:\COLLEGE WORK\IT266\QUAKE4\RELEASE\MPGAME.DLL.INTERMEDIATE.MANIFEST
D:\College Work\IT266\quake4\Release\mpgame.exp
D:\College Work\IT266\quake4\Release\mpgame.lib
D:\College Work\IT266\quake4\Release\mpgame.write.1.tlog
D:\COLLEGE WORK\IT266\QUAKE4\RELEASE\MPGAME\AAS.OBJ
D:\COLLEGE WORK\IT266\QUAKE4\RELEASE\MPGAME\AAS_DEBUG.OBJ
D:\COLLEGE WORK\IT266\QUAKE4\RELEASE\MPGAME\AAS_FIND.OBJ
D:\COLLEGE WORK\IT266\QUAKE4\RELEASE\MPGAME\AAS_PATHING.OBJ
D:\COLLEGE WORK\IT266\QUAKE4\RELEASE\MPGAME\AAS_ROUTING.OBJ
D:\COLLEGE WORK\IT266\QUAKE4\RELEASE\MPGAME\AAS_TACTICAL.OBJ
D:\COLLEGE WORK\IT266\QUAKE4\RELEASE\MPGAME\ACTOR.OBJ
D:\COLLEGE WORK\IT266\QUAKE4\RELEASE\MPGAME\AF.OBJ
D:\COLLEGE WORK\IT266\QUAKE4\RELEASE\MPGAME\AFENTITY.OBJ
D:\COLLEGE WORK\IT266\QUAKE4\RELEASE\MPGAME\AI.OBJ
D:\COLLEGE WORK\IT266\QUAKE4\RELEASE\MPGAME\AI_ACTIONS.OBJ
D:\COLLEGE WORK\IT266\QUAKE4\RELEASE\MPGAME\AI_ANNOUNCEMENTS.OBJ
D:\COLLEGE WORK\IT266\QUAKE4\RELEASE\MPGAME\AI_DEBUG.OBJ
D:\COLLEGE WORK\IT266\QUAKE4\RELEASE\MPGAME\AI_EVENTS.OBJ
D:\COLLEGE WORK\IT266\QUAKE4\RELEASE\MPGAME\AI_MANAGER.OBJ
D:\COLLEGE WORK\IT266\QUAKE4\RELEASE\MPGAME\AI_MEDIC.OBJ
D:\COLLEGE WORK\IT266\QUAKE4\RELEASE\MPGAME\AI_MOVE.OBJ
D:\COLLEGE WORK\IT266\QUAKE4\RELEASE\MPGAME\AI_PATHING.OBJ
D:\COLLEGE WORK\IT266\QUAKE4\RELEASE\MPGAME\AI_STATES.OBJ
D:\COLLEGE WORK\IT266\QUAKE4\RELEASE\MPGAME\AI_TACTICAL.OBJ
D:\COLLEGE WORK\IT266\QUAKE4\RELEASE\MPGAME\AI_UTIL.OBJ
D:\COLLEGE WORK\IT266\QUAKE4\RELEASE\MPGAME\ANIM.OBJ
D:\COLLEGE WORK\IT266\QUAKE4\RELEASE\MPGAME\ANIM_BLEND.OBJ
D:\COLLEGE WORK\IT266\QUAKE4\RELEASE\MPGAME\ANIM_IMPORT.OBJ
D:\COLLEGE WORK\IT266\QUAKE4\RELEASE\MPGAME\ANIM_TESTMODEL.OBJ
D:\COLLEGE WORK\IT266\QUAKE4\RELEASE\MPGAME\BRITTLEFRACTURE.OBJ
D:\COLLEGE WORK\IT266\QUAKE4\RELEASE\MPGAME\BUYING.OBJ
D:\COLLEGE WORK\IT266\QUAKE4\RELEASE\MPGAME\CAMERA.OBJ
D:\COLLEGE WORK\IT266\QUAKE4\RELEASE\MPGAME\CLASS.OBJ
D:\COLLEGE WORK\IT266\QUAKE4\RELEASE\MPGAME\CLIENTAFENTITY.OBJ
D:\COLLEGE WORK\IT266\QUAKE4\RELEASE\MPGAME\CLIENTEFFECT.OBJ
D:\COLLEGE WORK\IT266\QUAKE4\RELEASE\MPGAME\CLIENTENTITY.OBJ
D:\COLLEGE WORK\IT266\QUAKE4\RELEASE\MPGAME\CLIENTMODEL.OBJ
D:\COLLEGE WORK\IT266\QUAKE4\RELEASE\MPGAME\CLIENTMOVEABLE.OBJ
D:\COLLEGE WORK\IT266\QUAKE4\RELEASE\MPGAME\CLIP.OBJ
D:\COLLEGE WORK\IT266\QUAKE4\RELEASE\MPGAME\CTF.OBJ
D:\COLLEGE WORK\IT266\QUAKE4\RELEASE\MPGAME\DEBUGGRAPH.OBJ
D:\COLLEGE WORK\IT266\QUAKE4\RELEASE\MPGAME\EFFECT.OBJ
D:\COLLEGE WORK\IT266\QUAKE4\RELEASE\MPGAME\ENTITY.OBJ
D:\COLLEGE WORK\IT266\QUAKE4\RELEASE\MPGAME\EVENT.OBJ
D:\COLLEGE WORK\IT266\QUAKE4\RELEASE\MPGAME\FORCE.OBJ
D:\COLLEGE WORK\IT266\QUAKE4\RELEASE\MPGAME\FORCE_CONSTANT.OBJ
D:\COLLEGE WORK\IT266\QUAKE4\RELEASE\MPGAME\FORCE_DRAG.OBJ
D:\COLLEGE WORK\IT266\QUAKE4\RELEASE\MPGAME\FORCE_FIELD.OBJ
D:\COLLEGE WORK\IT266\QUAKE4\RELEASE\MPGAME\FORCE_SPRING.OBJ
D:\COLLEGE WORK\IT266\QUAKE4\RELEASE\MPGAME\GAME_DEBUG.OBJ
D:\COLLEGE WORK\IT266\QUAKE4\RELEASE\MPGAME\GAME_LOCAL.OBJ
D:\COLLEGE WORK\IT266\QUAKE4\RELEASE\MPGAME\GAME_LOG.OBJ
D:\COLLEGE WORK\IT266\QUAKE4\RELEASE\MPGAME\GAME_NETWORK.OBJ
D:\COLLEGE WORK\IT266\QUAKE4\RELEASE\MPGAME\GAMEEDIT.OBJ
D:\COLLEGE WORK\IT266\QUAKE4\RELEASE\MPGAME\GAMESTATE.OBJ
D:\COLLEGE WORK\IT266\QUAKE4\RELEASE\MPGAME\HEALING_STATION.OBJ
D:\COLLEGE WORK\IT266\QUAKE4\RELEASE\MPGAME\ICON.OBJ
D:\COLLEGE WORK\IT266\QUAKE4\RELEASE\MPGAME\ICONMANAGER.OBJ
D:\COLLEGE WORK\IT266\QUAKE4\RELEASE\MPGAME\IK.OBJ
D:\COLLEGE WORK\IT266\QUAKE4\RELEASE\MPGAME\INSTANCE.OBJ
D:\COLLEGE WORK\IT266\QUAKE4\RELEASE\MPGAME\ITEM.OBJ
D:\COLLEGE WORK\IT266\QUAKE4\RELEASE\MPGAME\LAGOMETER.OBJ
D:\COLLEGE WORK\IT266\QUAKE4\RELEASE\MPGAME\LIGHT.OBJ
D:\COLLEGE WORK\IT266\QUAKE4\RELEASE\MPGAME\LIPSYNC.OBJ
D:\COLLEGE WORK\IT266\QUAKE4\RELEASE\MPGAME\MISC.OBJ
D:\COLLEGE WORK\IT266\QUAKE4\RELEASE\MPGAME\MONSTER_BERSERKER.OBJ
D:\COLLEGE WORK\IT266\QUAKE4\RELEASE\MPGAME\MONSTER_BOSSBUDDY.OBJ
D:\COLLEGE WORK\IT266\QUAKE4\RELEASE\MPGAME\MONSTER_BOSSMAKRON.OBJ
D:\COLLEGE WORK\IT266\QUAKE4\RELEASE\MPGAME\MONSTER_CONVOYGROUND.OBJ
D:\COLLEGE WORK\IT266\QUAKE4\RELEASE\MPGAME\MONSTER_CONVOYHOVER.OBJ
D:\COLLEGE WORK\IT266\QUAKE4\RELEASE\MPGAME\MONSTER_FAILEDTRANSFER.OBJ
D:\COLLEGE WORK\IT266\QUAKE4\RELEASE\MPGAME\MONSTER_FATTY.OBJ
D:\COLLEGE WORK\IT266\QUAKE4\RELEASE\MPGAME\MONSTER_GLADIATOR.OBJ
D:\COLLEGE WORK\IT266\QUAKE4\RELEASE\MPGAME\MONSTER_GRUNT.OBJ
D:\COLLEGE WORK\IT266\QUAKE4\RELEASE\MPGAME\MONSTER_GUNNER.OBJ
D:\COLLEGE WORK\IT266\QUAKE4\RELEASE\MPGAME\MONSTER_HARVESTER.OBJ
D:\COLLEGE WORK\IT266\QUAKE4\RELEASE\MPGAME\MONSTER_HARVESTERDISPERSAL.OBJ
D:\COLLEGE WORK\IT266\QUAKE4\RELEASE\MPGAME\MONSTER_HEAVYHOVERTANK.OBJ
D:\COLLEGE WORK\IT266\QUAKE4\RELEASE\MPGAME\MONSTER_IRONMAIDEN.OBJ
D:\COLLEGE WORK\IT266\QUAKE4\RELEASE\MPGAME\MONSTER_LIGHTTANK.OBJ
D:\COLLEGE WORK\IT266\QUAKE4\RELEASE\MPGAME\MONSTER_NETWORKGUARDIAN.OBJ
D:\COLLEGE WORK\IT266\QUAKE4\RELEASE\MPGAME\MONSTER_REPAIRBOT.OBJ
D:\COLLEGE WORK\IT266\QUAKE4\RELEASE\MPGAME\MONSTER_SCIENTIST.OBJ
D:\COLLEGE WORK\IT266\QUAKE4\RELEASE\MPGAME\MONSTER_SENTRY.OBJ
D:\COLLEGE WORK\IT266\QUAKE4\RELEASE\MPGAME\MONSTER_SLIMYTRANSFER.OBJ
D:\COLLEGE WORK\IT266\QUAKE4\RELEASE\MPGAME\MONSTER_STREAMPROTECTOR.OBJ
D:\COLLEGE WORK\IT266\QUAKE4\RELEASE\MPGAME\MONSTER_STROGGFLYER.OBJ
D:\COLLEGE WORK\IT266\QUAKE4\RELEASE\MPGAME\MONSTER_STROGGHOVER.OBJ
D:\COLLEGE WORK\IT266\QUAKE4\RELEASE\MPGAME\MONSTER_STROGGMARINE.OBJ
D:\COLLEGE WORK\IT266\QUAKE4\RELEASE\MPGAME\MONSTER_TELEPORTDROPPER.OBJ
D:\COLLEGE WORK\IT266\QUAKE4\RELEASE\MPGAME\MONSTER_TURRET.OBJ
D:\COLLEGE WORK\IT266\QUAKE4\RELEASE\MPGAME\MONSTER_TURRETFLYING.OBJ
D:\COLLEGE WORK\IT266\QUAKE4\RELEASE\MPGAME\MOVEABLE.OBJ
D:\COLLEGE WORK\IT266\QUAKE4\RELEASE\MPGAME\MOVER.OBJ
D:\COLLEGE WORK\IT266\QUAKE4\RELEASE\MPGAME\MPGAME.PCH
D:\COLLEGE WORK\IT266\QUAKE4\RELEASE\MPGAME\MULTIPLAYERGAME.OBJ
D:\COLLEGE WORK\IT266\QUAKE4\RELEASE\MPGAME\PHYSICS.OBJ
D:\COLLEGE WORK\IT266\QUAKE4\RELEASE\MPGAME\PHYSICS_ACTOR.OBJ
D:\COLLEGE WORK\IT266\QUAKE4\RELEASE\MPGAME\PHYSICS_AF.OBJ
D:\COLLEGE WORK\IT266\QUAKE4\RELEASE\MPGAME\PHYSICS_BASE.OBJ
D:\COLLEGE WORK\IT266\QUAKE4\RELEASE\MPGAME\PHYSICS_MONSTER.OBJ
D:\COLLEGE WORK\IT266\QUAKE4\RELEASE\MPGAME\PHYSICS_PARAMETRIC.OBJ
D:\COLLEGE WORK\IT266\QUAKE4\RELEASE\MPGAME\PHYSICS_PARTICLE.OBJ
D:\COLLEGE WORK\IT266\QUAKE4\RELEASE\MPGAME\PHYSICS_PLAYER.OBJ
D:\COLLEGE WORK\IT266\QUAKE4\RELEASE\MPGAME\PHYSICS_RIGIDBODY.OBJ
D:\COLLEGE WORK\IT266\QUAKE4\RELEASE\MPGAME\PHYSICS_STATIC.OBJ
D:\COLLEGE WORK\IT266\QUAKE4\RELEASE\MPGAME\PHYSICS_STATICMULTI.OBJ
D:\COLLEGE WORK\IT266\QUAKE4\RELEASE\MPGAME\PHYSICS_VEHICLEMONSTER.OBJ
D:\COLLEGE WORK\IT266\QUAKE4\RELEASE\MPGAME\PLAYBACK.OBJ
D:\COLLEGE WORK\IT266\QUAKE4\RELEASE\MPGAME\PLAYER.OBJ
D:\COLLEGE WORK\IT266\QUAKE4\RELEASE\MPGAME\PLAYER_CHEATS.OBJ
D:\COLLEGE WORK\IT266\QUAKE4\RELEASE\MPGAME\PLAYER_STATES.OBJ
D:\COLLEGE WORK\IT266\QUAKE4\RELEASE\MPGAME\PLAYERVIEW.OBJ
D:\COLLEGE WORK\IT266\QUAKE4\RELEASE\MPGAME\PROJECTILE.OBJ
D:\COLLEGE WORK\IT266\QUAKE4\RELEASE\MPGAME\PUSH.OBJ
D:\COLLEGE WORK\IT266\QUAKE4\RELEASE\MPGAME\PVS.OBJ
D:\COLLEGE WORK\IT266\QUAKE4\RELEASE\MPGAME\SAVEGAME.OBJ
D:\COLLEGE WORK\IT266\QUAKE4\RELEASE\MPGAME\SCRIPT_COMPILER.OBJ
D:\COLLEGE WORK\IT266\QUAKE4\RELEASE\MPGAME\SCRIPT_INTERPRETER.OBJ
D:\COLLEGE WORK\IT266\QUAKE4\RELEASE\MPGAME\SCRIPT_PROGRAM.OBJ
D:\COLLEGE WORK\IT266\QUAKE4\RELEASE\MPGAME\SCRIPT_THREAD.OBJ
D:\COLLEGE WORK\IT266\QUAKE4\RELEASE\MPGAME\SCRIPTFUNCUTILITY.OBJ
D:\COLLEGE WORK\IT266\QUAKE4\RELEASE\MPGAME\SECURITYCAMERA.OBJ
D:\COLLEGE WORK\IT266\QUAKE4\RELEASE\MPGAME\SOUND.OBJ
D:\COLLEGE WORK\IT266\QUAKE4\RELEASE\MPGAME\SPAWNER.OBJ
D:\COLLEGE WORK\IT266\QUAKE4\RELEASE\MPGAME\SPLINEMOVER.OBJ
D:\COLLEGE WORK\IT266\QUAKE4\RELEASE\MPGAME\STATE.OBJ
D:\COLLEGE WORK\IT266\QUAKE4\RELEASE\MPGAME\STATEVENT.OBJ
D:\COLLEGE WORK\IT266\QUAKE4\RELEASE\MPGAME\STATMANAGER.OBJ
D:\COLLEGE WORK\IT266\QUAKE4\RELEASE\MPGAME\STATWINDOW.OBJ
D:\COLLEGE WORK\IT266\QUAKE4\RELEASE\MPGAME\SYSCMDS.OBJ
D:\COLLEGE WORK\IT266\QUAKE4\RELEASE\MPGAME\SYSCVAR.OBJ
D:\COLLEGE WORK\IT266\QUAKE4\RELEASE\MPGAME\TARGET.OBJ
D:\COLLEGE WORK\IT266\QUAKE4\RELEASE\MPGAME\TOURNEY.OBJ
D:\COLLEGE WORK\IT266\QUAKE4\RELEASE\MPGAME\TRAMGATE.OBJ
D:\COLLEGE WORK\IT266\QUAKE4\RELEASE\MPGAME\TRIGGER.OBJ
D:\COLLEGE WORK\IT266\QUAKE4\RELEASE\MPGAME\VEHICLE.OBJ
D:\COLLEGE WORK\IT266\QUAKE4\RELEASE\MPGAME\VEHICLE_DROPPOD.OBJ
D:\COLLEGE WORK\IT266\QUAKE4\RELEASE\MPGAME\VEHICLE_WALKER.OBJ
D:\COLLEGE WORK\IT266\QUAKE4\RELEASE\MPGAME\VEHICLEAI.OBJ
D:\COLLEGE WORK\IT266\QUAKE4\RELEASE\MPGAME\VEHICLEANIMATED.OBJ
D:\COLLEGE WORK\IT266\QUAKE4\RELEASE\MPGAME\VEHICLECONTROLLER.OBJ
D:\COLLEGE WORK\IT266\QUAKE4\RELEASE\MPGAME\VEHICLEDRIVER.OBJ
D:\COLLEGE WORK\IT266\QUAKE4\RELEASE\MPGAME\VEHICLEMONSTER.OBJ
D:\COLLEGE WORK\IT266\QUAKE4\RELEASE\MPGAME\VEHICLEPARTS.OBJ
D:\COLLEGE WORK\IT266\QUAKE4\RELEASE\MPGAME\VEHICLEPOSITION.OBJ
D:\COLLEGE WORK\IT266\QUAKE4\RELEASE\MPGAME\VEHICLERIGID.OBJ
D:\COLLEGE WORK\IT266\QUAKE4\RELEASE\MPGAME\VEHICLESPLINE.OBJ
D:\COLLEGE WORK\IT266\QUAKE4\RELEASE\MPGAME\VEHICLESTATIC.OBJ
D:\COLLEGE WORK\IT266\QUAKE4\RELEASE\MPGAME\VOICECOMMS.OBJ
D:\COLLEGE WORK\IT266\QUAKE4\RELEASE\MPGAME\WEAPON.OBJ
D:\COLLEGE WORK\IT266\QUAKE4\RELEASE\MPGAME\WEAPONBLASTER.OBJ
D:\COLLEGE WORK\IT266\QUAKE4\RELEASE\MPGAME\WEAPONDARKMATTERGUN.OBJ
D:\COLLEGE WORK\IT266\QUAKE4\RELEASE\MPGAME\WEAPONGAUNTLET.OBJ
D:\COLLEGE WORK\IT266\QUAKE4\RELEASE\MPGAME\WEAPONGRENADELAUNCHER.OBJ
D:\COLLEGE WORK\IT266\QUAKE4\RELEASE\MPGAME\WEAPONHYPERBLASTER.OBJ
D:\COLLEGE WORK\IT266\QUAKE4\RELEASE\MPGAME\WEAPONLIGHTNINGGUN.OBJ
D:\COLLEGE WORK\IT266\QUAKE4\RELEASE\MPGAME\WEAPONMACHINEGUN.OBJ
D:\COLLEGE WORK\IT266\QUAKE4\RELEASE\MPGAME\WEAPONNAILGUN.OBJ
D:\COLLEGE WORK\IT266\QUAKE4\RELEASE\MPGAME\WEAPONNAPALMGUN.OBJ
D:\COLLEGE WORK\IT266\QUAKE4\RELEASE\MPGAME\WEAPONRAILGUN.OBJ
D:\COLLEGE WORK\IT266\QUAKE4\RELEASE\MPGAME\WEAPONROCKETLAUNCHER.OBJ
D:\COLLEGE WORK\IT266\QUAKE4\RELEASE\MPGAME\WEAPONSHOTGUN.OBJ
D:\COLLEGE WORK\IT266\QUAKE4\RELEASE\MPGAME\WORLDSPAWN.OBJ
D:\COLLEGE WORK\IT266\QUAKE4\RELEASE\MPGAMEX86.MAP
D:\COLLEGE WORK\IT266\QUAKE4\RELEASE\MPGAMEX86.PDB
D:\College Work\IT266\quake4\Release\mt.command.1.tlog
D:\College Work\IT266\quake4\Release\mt.read.1.tlog
D:\College Work\IT266\quake4\Release\mt.write.1.tlog
